    _                _                      
   / \   ___ ___ ___| | ___ _ __ __ _ _   _ 
  / _ \ / __/ __/ _ \ |/ _ \ '__/ _` | | | |
 / ___ \ (_| (_|  __/ |  __/ | | (_| | |_| |
/_/   \_\___\___\___|_|\___|_|  \__, |\__, |
                                |___/ |___/ 

Info: generating outputs according to the following specified output flags... 
 Please use the -f flag to update the preference (default to all output files) 
{'ERT': 1, 'ERT_summary': 1, 'ART': 1, 'ART_summary': 1, 'energy_estimation': 1, 'flattened_arch': 1}
Info: config file located: /home/zhong/.config/accelergy/accelergy_config.yaml 
config file content: 
 {'compound_components': [], 'estimator_plug_ins': ['/home/zhong/.local/share/accelergy/estimation_plug_ins'], 'primitive_components': ['/home/zhong/.local/share/accelergy/primitive_component_libs'], 'table_plug_ins': {'roots': ['/home/zhong/.local/share/accelergy/estimation_plug_ins/accelergy-table-based-plug-ins/set_of_table_templates']}, 'version': 0.3}
Warn: Cannot recognize the top key "problem" in file /home/zhong/code/workplace/Mappings/examples/simba/workloads/inceptionv3/044_1_1_2048_1000_1.yaml 
Warn: Cannot recognize the top key "mapping" in file ../examples/simba/tmp_outputs/inceptionv3/43/🍋.yaml 
Info: Parsing file /home/zhong/code/workplace/Mappings/examples/simba/tmp_arch/simba_v3.yaml for architecture info 
Info: Found non-numeric expression 45nm. Available bindings: {'datawidth': 8, 'technology': '45nm', 'word-bits': 8} 
WARN: Failed to evaluate "45nm". Setting System.technology="45nm". Available bindings: {'datawidth': 8, 'technology': '45nm', 'word-bits': 8}
Info: Found non-numeric expression NoC. Available bindings: {'block-size': 8, 'datawidth': 8, 'depth': 192, 'instances': 16, 'meshX': 16, 'n_banks': 1, 'n_buffets': 1, 'n_rdwr_ports': 2, 'network_fill': 'NoC', 'technology': '45nm', 'width': 64, 'word-bits': 8} 
WARN: Failed to evaluate "NoC". Setting variables.network_fill="NoC". Available bindings: {'name': 'PEInputBuffer', 'class': 'storage', 'subclass': 'smartbuffer_RF', 'attributes': {'block-size': 8, 'datawidth': 8, 'depth': 192, 'instances': 16, 'meshX': 16, 'n_banks': 1, 'n_buffets': 1, 'n_rdwr_ports': 2, 'network_fill': 'NoC', 'technology': '45nm', 'width': 64, 'word-bits': 8}}
Info: Found non-numeric expression 1ns. Available bindings: {'cluster-size': 64, 'datawidth': 8, 'depth': 1, 'instances': 1920, 'latency': '1ns', 'meshX': 16, 'num-ports': 2, 'technology': '45nm', 'width': 16, 'word-bits': 8} 
WARN: Failed to evaluate "1ns". Setting variables.latency="1ns". Available bindings: {'name': 'PEWeightRegs', 'class': 'storage', 'subclass': 'reg_storage', 'attributes': {'cluster-size': 64, 'datawidth': 8, 'depth': 1, 'instances': 1920, 'latency': '1ns', 'meshX': 16, 'num-ports': 2, 'technology': '45nm', 'width': 16, 'word-bits': 8}}
WARN: Failed to evaluate "NoC". Setting variables.network_read="NoC". Available bindings: {'name': 'GlobalBuffer', 'class': 'storage', 'subclass': 'smartbuffer_SRAM', 'attributes': {'block-size': 32, 'datawidth': 8, 'depth': 1920, 'instances': 1, 'n_banks': 1, 'n_buffets': 1, 'n_rdwr_ports': 2, 'nbanks': 4, 'network_read': 'NoC', 'nports': 2, 'read_bandwidth': 16, 'technology': '45nm', 'width': 256, 'word-bits': 8, 'write_bandwidth': 16}}
Info: Found non-numeric expression 2mm. Available bindings: {'X_comparator_width': 4, 'Y_X_wire_avg_length': '2mm', 'Y_comparator_width': 4, 'datawidth': 8, 'energy-per-hop': 0.952, 'n_PE_cols': 4, 'n_PE_rows': 4, 'technology': '45nm', 'total_PEs': 16, 'word-bits': 8} 
WARN: Failed to evaluate "2mm". Setting variables.Y_X_wire_avg_length="2mm". Available bindings: {'name': 'NoC', 'class': 'Legacy', 'attributes': {'X_comparator_width': 4, 'Y_X_wire_avg_length': '2mm', 'Y_comparator_width': 4, 'datawidth': 8, 'energy-per-hop': 0.952, 'n_PE_cols': 4, 'n_PE_rows': 4, 'technology': '45nm', 'total_PEs': 16, 'word-bits': 8}}
Info: Found non-numeric expression LPDDR4. Available bindings: {'block-size': 8, 'datawidth': 8, 'instances': 1, 'read_bandwidth': 17.9, 'technology': '45nm', 'type': 'LPDDR4', 'width': 64, 'word-bits': 8, 'write_bandwidth': 17.9} 
WARN: Failed to evaluate "LPDDR4". Setting variables.type="LPDDR4". Available bindings: {'name': 'DRAM', 'class': 'DRAM', 'attributes': {'block-size': 8, 'datawidth': 8, 'instances': 1, 'read_bandwidth': 17.9, 'technology': '45nm', 'type': 'LPDDR4', 'width': 64, 'word-bits': 8, 'write_bandwidth': 17.9}}
Info: Parsing file /home/zhong/code/workplace/Mappings/examples/simba/tmp_arch/components/lmac.yaml for compound_components info 
Info: Parsing file /home/zhong/code/workplace/Mappings/examples/simba/tmp_arch/components/Legacy.yaml for compound_components info 
Info: Parsing file /home/zhong/code/workplace/Mappings/examples/simba/tmp_arch/components/smartbuffer_RF.yaml for compound_components info 
Info: Parsing file /home/zhong/code/workplace/Mappings/examples/simba/tmp_arch/components/reg_storage.yaml for compound_components info 
Info: Parsing file /home/zhong/code/workplace/Mappings/examples/simba/tmp_arch/components/smartbuffer_SRAM.yaml for compound_components info 
Info: primitive component file parsed:  /home/zhong/.local/share/accelergy/primitive_component_libs/primitive_component.lib.yaml 
Info: primitive component file parsed:  /home/zhong/.local/share/accelergy/primitive_component_libs/pim_primitive_component.lib.yaml 
Info: primitive component file parsed:  /home/zhong/.local/share/accelergy/primitive_component_libs/soc_primitives.lib.yaml 
Info: Found non-numeric expression 5ns. Available bindings: OrderedDict([('technology', '45nm'), ('width', 64), ('depth', 192), ('n_rdwr_ports', 2), ('n_banks', 1), ('n_ports', 2), ('latency', '5ns')]) 
WARN: Failed to evaluate "5ns". Setting storage.latency="5ns". Available bindings: OrderedDict([('technology', '45nm'), ('width', 64), ('depth', 192), ('n_rdwr_ports', 2), ('n_banks', 1), ('n_ports', 2), ('latency', '5ns')])
Info: Calculated "log(depth)" = 5.2574953720277815 
Info: Calculated "n_banks" = 1 
Info: Calculated "log(depth)" = 5.545177444479562 
Info: Calculated "log(depth)" = 3.871201010907891 
Info: Calculated "log(depth)" = 7.560080465021827 
Info: Calculated "n_PE_rows-1" = 3 
Info: Calculated "total_PEs-1" = 15 
Info: Found non-numeric expression wireless. Available bindings: {'X_comparator_width': 4, 'Y_X_wire_avg_length': '2mm', 'Y_comparator_width': 4, 'datawidth': 8, 'energy-per-hop': 0.952, 'n_PE_cols': 4, 'n_PE_rows': 4, 'technology': '45nm', 'total_PEs': 16, 'word-bits': 8} 
WARN: Failed to evaluate "wireless". Setting Y_X_wire.technology="wireless". Available bindings: {'X_comparator_width': 4, 'Y_X_wire_avg_length': '2mm', 'Y_comparator_width': 4, 'datawidth': 8, 'energy-per-hop': 0.952, 'n_PE_cols': 4, 'n_PE_rows': 4, 'technology': '45nm', 'total_PEs': 16, 'word-bits': 8}
Info: Calculated "datawidth + X_comparator_width" = 12 
WARN: Failed to evaluate "2mm". Setting Y_X_wire.length="2mm". Available bindings: OrderedDict([('technology', 'wireless'), ('width', 12), ('length', '2mm'), ('latency', '5ns')])
Info: Calculated "n_PE_rows" = 4 
Info: Calculated "n_PE_cols" = 4 
Info: Calculated "n_rows-1" = 0 
Info: Calculated "n_cols_per_row * n_rows" = 1 
Info: Calculated "n_rows-1" = 1 
Info: Calculated "n_cols_per_row * n_rows" = 2 
Info: Calculated "n_rows-1" = 2 
Info: Calculated "n_cols_per_row * n_rows" = 3 
Info: Calculated "n_rows-1" = 3 
Info: Calculated "n_cols_per_row * n_rows" = 4 
Info: Calculated "n_rows-1" = 0 
Info: Calculated "n_cols_per_row * n_rows" = 2 
Info: Calculated "n_rows-1" = 1 
Info: Calculated "n_cols_per_row * n_rows" = 4 
Info: Calculated "n_rows-1" = 2 
Info: Calculated "n_cols_per_row * n_rows" = 6 
Info: Calculated "n_rows-1" = 3 
Info: Calculated "n_cols_per_row * n_rows" = 8 
Info: Calculated "n_rows-1" = 0 
Info: Calculated "n_cols_per_row * n_rows" = 3 
Info: Calculated "n_rows-1" = 1 
Info: Calculated "n_cols_per_row * n_rows" = 6 
Info: Calculated "n_rows-1" = 2 
Info: Calculated "n_cols_per_row * n_rows" = 9 
Info: Calculated "n_rows-1" = 3 
Info: Calculated "n_cols_per_row * n_rows" = 12 
Info: Calculated "n_rows-1" = 0 
Info: Calculated "n_cols_per_row * n_rows" = 4 
Info: Calculated "n_rows-1" = 1 
Info: Calculated "n_cols_per_row * n_rows" = 8 
Info: Calculated "n_rows-1" = 2 
Info: Calculated "n_cols_per_row * n_rows" = 12 
Info: Calculated "n_rows-1" = 3 
Info: Calculated "n_cols_per_row * n_rows" = 16 
Info: Calculated "n_rows-1" = 0 
Info: Calculated "n_cols_per_row * n_rows" = 1 
Info: Calculated "n_rows-1" = 1 
Info: Calculated "n_cols_per_row * n_rows" = 2 
Info: Calculated "n_rows-1" = 2 
Info: Calculated "n_cols_per_row * n_rows" = 3 
Info: Calculated "n_rows-1" = 3 
Info: Calculated "n_cols_per_row * n_rows" = 4 
Info: Calculated "n_rows-1" = 0 
Info: Calculated "n_cols_per_row * n_rows" = 2 
Info: Calculated "n_rows-1" = 1 
Info: Calculated "n_cols_per_row * n_rows" = 4 
Info: Calculated "n_rows-1" = 2 
Info: Calculated "n_cols_per_row * n_rows" = 6 
Info: Calculated "n_rows-1" = 3 
Info: Calculated "n_cols_per_row * n_rows" = 8 
Info: Calculated "n_rows-1" = 0 
Info: Calculated "n_cols_per_row * n_rows" = 3 
Info: Calculated "n_rows-1" = 1 
Info: Calculated "n_cols_per_row * n_rows" = 6 
Info: Calculated "n_rows-1" = 2 
Info: Calculated "n_cols_per_row * n_rows" = 9 
Info: Calculated "n_rows-1" = 3 
Info: Calculated "n_cols_per_row * n_rows" = 12 
Info: Calculated "n_rows-1" = 0 
Info: Calculated "n_cols_per_row * n_rows" = 4 
Info: Calculated "n_rows-1" = 1 
Info: Calculated "n_cols_per_row * n_rows" = 8 
Info: Calculated "n_rows-1" = 2 
Info: Calculated "n_cols_per_row * n_rows" = 12 
Info: Calculated "n_rows-1" = 3 
Info: Calculated "n_cols_per_row * n_rows" = 16 
Info: estimator plug-in identified by:  /home/zhong/.local/share/accelergy/estimation_plug_ins/accelergy-table-based-plug-ins/table.estimator.yaml 
table-based-plug-ins Identifies a set of tables named:  test_tables
Info: estimator plug-in identified by:  /home/zhong/.local/share/accelergy/estimation_plug_ins/accelergy-aladdin-plug-in/aladdin.estimator.yaml 
Info: estimator plug-in identified by:  /home/zhong/.local/share/accelergy/estimation_plug_ins/dummy_tables/dummy.estimator.yaml 
Info: estimator plug-in identified by:  /home/zhong/.local/share/accelergy/estimation_plug_ins/accelergy-cacti-plug-in/cacti.estimator.yaml 
Info: CACTI plug-in... Querying CACTI for request:
 {'class_name': 'SRAM', 'attributes': OrderedDict([('technology', '45nm'), ('width', 256), ('depth', 1920), ('n_rdwr_ports', 2), ('n_banks', 1), ('n_rd_ports', 0), ('n_wr_ports', 0), ('latency', '5ns')]), 'action_name': 'write', 'arguments': {'data_delta': 0, 'address_delta': 0}}
copy  /home/zhong/.local/share/accelergy/estimation_plug_ins/accelergy-cacti-plug-in/default_SRAM.cfg  to  /home/zhong/.local/share/accelergy/estimation_plug_ins/accelergy-cacti-plug-in/cacti/timeloop-model.01_02_17_08_48_SRAM.cfg
before create temp file
File does not exist.
temp_output:  3
exec_list:  ['/home/zhong/.local/share/accelergy/estimation_plug_ins/accelergy-cacti-plug-in/cacti/cacti', '-infile', 'timeloop-model.01_02_17_08_48_SRAM.cfg']
after process call
File exists!
CACTI plug-in removing temp file:  /home/zhong/.local/share/accelergy/estimation_plug_ins/accelergy-cacti-plug-in/cacti/timeloop-model.01_02_17_08_48_SRAM.cfg
Warn: No action counts are specified as yaml input 
Info: flattened architecture is saved to: ../examples/simba/tmp_outputs/inceptionv3/43/timeloop-model.flattened_architecture.yaml 
Info: energy reference table is saved to: ../examples/simba/tmp_outputs/inceptionv3/43/timeloop-model.ERT.yaml 
Info: energy reference table summary is saved to: ../examples/simba/tmp_outputs/inceptionv3/43/timeloop-model.ERT_summary.yaml 
Warn: no runtime energy estimations are generated... not generating energy_estimation.yaml 
Info: area reference table is saved to: ../examples/simba/tmp_outputs/inceptionv3/43/timeloop-model.ART.yaml 
Info: area reference table summary is saved to: ../examples/simba/tmp_outputs/inceptionv3/43/timeloop-model.ART_summary.yaml 
